This file contains any messages produced by compilers while
running configure, to aid debugging if configure makes a mistake.

It was created by angora configure 0.20.0, which was
generated by GNU Autoconf 2.69.  Invocation command line was

  $ ./configure --no-create --no-recursion

## --------- ##
## Platform. ##
## --------- ##

hostname = di-Precision-T3610
uname -m = x86_64
uname -r = 3.13.0-62-generic
uname -s = Linux
uname -v = #102-Ubuntu SMP Tue Aug 11 14:29:36 UTC 2015

/usr/bin/uname -p = unknown
/bin/uname -X     = unknown

/bin/arch              = unknown
/usr/bin/arch -k       = unknown
/usr/convex/getsysinfo = unknown
/usr/bin/hostinfo      = unknown
/bin/machine           = unknown
/usr/bin/oslevel       = unknown
/bin/universe          = unknown

PATH: /usr/local/sbin
PATH: /usr/local/bin
PATH: /usr/sbin
PATH: /usr/bin
PATH: /sbin
PATH: /bin
PATH: /usr/games
PATH: /usr/local/games


## ----------- ##
## Core tests. ##
## ----------- ##

configure:2583: checking for a BSD-compatible install
configure:2651: result: /usr/bin/install -c
configure:2662: checking whether build environment is sane
configure:2717: result: yes
configure:2868: checking for a thread-safe mkdir -p
configure:2907: result: /bin/mkdir -p
configure:2914: checking for gawk
configure:2944: result: no
configure:2914: checking for mawk
configure:2930: found /usr/bin/mawk
configure:2941: result: mawk
configure:2952: checking whether make sets $(MAKE)
configure:2974: result: yes
configure:3003: checking whether make supports nested variables
configure:3020: result: yes
configure:3211: checking for g++
configure:3227: found /usr/bin/g++
configure:3238: result: g++
configure:3265: checking for C++ compiler version
configure:3274: g++ --version >&5
g++ (Ubuntu 4.8.4-2ubuntu1~14.04) 4.8.4
Copyright (C) 2013 Free Software Foundation, Inc.
This is free software; see the source for copying conditions.  There is NO
warranty; not even for MERCHANTABILITY or FITNESS FOR A PARTICULAR PURPOSE.

configure:3285: $? = 0
configure:3274: g++ -v >&5
Using built-in specs.
COLLECT_GCC=g++
COLLECT_LTO_WRAPPER=/usr/lib/gcc/x86_64-linux-gnu/4.8/lto-wrapper
Target: x86_64-linux-gnu
Configured with: ../src/configure -v --with-pkgversion='Ubuntu 4.8.4-2ubuntu1~14.04' --with-bugurl=file:///usr/share/doc/gcc-4.8/README.Bugs --enable-languages=c,c++,java,go,d,fortran,objc,obj-c++ --prefix=/usr --program-suffix=-4.8 --enable-shared --enable-linker-build-id --libexecdir=/usr/lib --without-included-gettext --enable-threads=posix --with-gxx-include-dir=/usr/include/c++/4.8 --libdir=/usr/lib --enable-nls --with-sysroot=/ --enable-clocale=gnu --enable-libstdcxx-debug --enable-libstdcxx-time=yes --enable-gnu-unique-object --disable-libmudflap --enable-plugin --with-system-zlib --disable-browser-plugin --enable-java-awt=gtk --enable-gtk-cairo --with-java-home=/usr/lib/jvm/java-1.5.0-gcj-4.8-amd64/jre --enable-java-home --with-jvm-root-dir=/usr/lib/jvm/java-1.5.0-gcj-4.8-amd64 --with-jvm-jar-dir=/usr/lib/jvm-exports/java-1.5.0-gcj-4.8-amd64 --with-arch-directory=amd64 --with-ecj-jar=/usr/share/java/eclipse-ecj.jar --enable-objc-gc --enable-multiarch --disable-werror --with-arch-32=i686 --with-abi=m64 --with-multilib-list=m32,m64,mx32 --with-tune=generic --enable-checking=release --build=x86_64-linux-gnu --host=x86_64-linux-gnu --target=x86_64-linux-gnu
Thread model: posix
gcc version 4.8.4 (Ubuntu 4.8.4-2ubuntu1~14.04) 
configure:3285: $? = 0
configure:3274: g++ -V >&5
g++: error: unrecognized command line option '-V'
g++: fatal error: no input files
compilation terminated.
configure:3285: $? = 4
configure:3274: g++ -qversion >&5
g++: error: unrecognized command line option '-qversion'
g++: fatal error: no input files
compilation terminated.
configure:3285: $? = 4
configure:3305: checking whether the C++ compiler works
configure:3327: g++    conftest.cpp  >&5
configure:3331: $? = 0
configure:3379: result: yes
configure:3382: checking for C++ compiler default output file name
configure:3384: result: a.out
configure:3390: checking for suffix of executables
configure:3397: g++ -o conftest    conftest.cpp  >&5
configure:3401: $? = 0
configure:3423: result: 
configure:3445: checking whether we are cross compiling
configure:3453: g++ -o conftest    conftest.cpp  >&5
configure:3457: $? = 0
configure:3464: ./conftest
configure:3468: $? = 0
configure:3483: result: no
configure:3488: checking for suffix of object files
configure:3510: g++ -c   conftest.cpp >&5
configure:3514: $? = 0
configure:3535: result: o
configure:3539: checking whether we are using the GNU C++ compiler
configure:3558: g++ -c   conftest.cpp >&5
configure:3558: $? = 0
configure:3567: result: yes
configure:3576: checking whether g++ accepts -g
configure:3596: g++ -c -g  conftest.cpp >&5
configure:3596: $? = 0
configure:3637: result: yes
configure:3671: checking for style of include used by make
configure:3699: result: GNU
configure:3725: checking dependency style of g++
configure:3836: result: gcc3
configure:3855: checking for gawk
configure:3882: result: mawk
configure:3941: checking for gcc
configure:3957: found /usr/bin/gcc
configure:3968: result: gcc
configure:4197: checking for C compiler version
configure:4206: gcc --version >&5
gcc (Ubuntu 4.8.4-2ubuntu1~14.04) 4.8.4
Copyright (C) 2013 Free Software Foundation, Inc.
This is free software; see the source for copying conditions.  There is NO
warranty; not even for MERCHANTABILITY or FITNESS FOR A PARTICULAR PURPOSE.

configure:4217: $? = 0
configure:4206: gcc -v >&5
Using built-in specs.
COLLECT_GCC=gcc
COLLECT_LTO_WRAPPER=/usr/lib/gcc/x86_64-linux-gnu/4.8/lto-wrapper
Target: x86_64-linux-gnu
Configured with: ../src/configure -v --with-pkgversion='Ubuntu 4.8.4-2ubuntu1~14.04' --with-bugurl=file:///usr/share/doc/gcc-4.8/README.Bugs --enable-languages=c,c++,java,go,d,fortran,objc,obj-c++ --prefix=/usr --program-suffix=-4.8 --enable-shared --enable-linker-build-id --libexecdir=/usr/lib --without-included-gettext --enable-threads=posix --with-gxx-include-dir=/usr/include/c++/4.8 --libdir=/usr/lib --enable-nls --with-sysroot=/ --enable-clocale=gnu --enable-libstdcxx-debug --enable-libstdcxx-time=yes --enable-gnu-unique-object --disable-libmudflap --enable-plugin --with-system-zlib --disable-browser-plugin --enable-java-awt=gtk --enable-gtk-cairo --with-java-home=/usr/lib/jvm/java-1.5.0-gcj-4.8-amd64/jre --enable-java-home --with-jvm-root-dir=/usr/lib/jvm/java-1.5.0-gcj-4.8-amd64 --with-jvm-jar-dir=/usr/lib/jvm-exports/java-1.5.0-gcj-4.8-amd64 --with-arch-directory=amd64 --with-ecj-jar=/usr/share/java/eclipse-ecj.jar --enable-objc-gc --enable-multiarch --disable-werror --with-arch-32=i686 --with-abi=m64 --with-multilib-list=m32,m64,mx32 --with-tune=generic --enable-checking=release --build=x86_64-linux-gnu --host=x86_64-linux-gnu --target=x86_64-linux-gnu
Thread model: posix
gcc version 4.8.4 (Ubuntu 4.8.4-2ubuntu1~14.04) 
configure:4217: $? = 0
configure:4206: gcc -V >&5
gcc: error: unrecognized command line option '-V'
gcc: fatal error: no input files
compilation terminated.
configure:4217: $? = 4
configure:4206: gcc -qversion >&5
gcc: error: unrecognized command line option '-qversion'
gcc: fatal error: no input files
compilation terminated.
configure:4217: $? = 4
configure:4221: checking whether we are using the GNU C compiler
configure:4240: gcc -c   conftest.c >&5
configure:4240: $? = 0
configure:4249: result: yes
configure:4258: checking whether gcc accepts -g
configure:4278: gcc -c -g  conftest.c >&5
configure:4278: $? = 0
configure:4319: result: yes
configure:4336: checking for gcc option to accept ISO C89
configure:4399: gcc  -c -g -O2  conftest.c >&5
configure:4399: $? = 0
configure:4412: result: none needed
configure:4437: checking whether gcc understands -c and -o together
configure:4459: gcc -c conftest.c -o conftest2.o
configure:4462: $? = 0
configure:4459: gcc -c conftest.c -o conftest2.o
configure:4462: $? = 0
configure:4474: result: yes
configure:4493: checking dependency style of gcc
configure:4604: result: gcc3
configure:4624: checking how to run the C preprocessor
configure:4655: gcc -E  conftest.c
configure:4655: $? = 0
configure:4669: gcc -E  conftest.c
conftest.c:11:28: fatal error: ac_nonexistent.h: No such file or directory
 #include <ac_nonexistent.h>
                            ^
compilation terminated.
configure:4669: $? = 1
configure: failed program was:
| /* confdefs.h */
| #define PACKAGE_NAME "angora"
| #define PACKAGE_TARNAME "angora"
| #define PACKAGE_VERSION "0.20.0"
| #define PACKAGE_STRING "angora 0.20.0"
| #define PACKAGE_BUGREPORT "bugs@angorafdtd.org"
| #define PACKAGE_URL ""
| #define PACKAGE "angora"
| #define VERSION "0.20.0"
| /* end confdefs.h.  */
| #include <ac_nonexistent.h>
configure:4694: result: gcc -E
configure:4714: gcc -E  conftest.c
configure:4714: $? = 0
configure:4728: gcc -E  conftest.c
conftest.c:11:28: fatal error: ac_nonexistent.h: No such file or directory
 #include <ac_nonexistent.h>
                            ^
compilation terminated.
configure:4728: $? = 1
configure: failed program was:
| /* confdefs.h */
| #define PACKAGE_NAME "angora"
| #define PACKAGE_TARNAME "angora"
| #define PACKAGE_VERSION "0.20.0"
| #define PACKAGE_STRING "angora 0.20.0"
| #define PACKAGE_BUGREPORT "bugs@angorafdtd.org"
| #define PACKAGE_URL ""
| #define PACKAGE "angora"
| #define VERSION "0.20.0"
| /* end confdefs.h.  */
| #include <ac_nonexistent.h>
configure:4757: checking whether ln -s works
configure:4761: result: yes
configure:4768: checking whether make sets $(MAKE)
configure:4790: result: yes
configure:4828: checking build system type
configure:4842: result: x86_64-unknown-linux-gnu
configure:4862: checking host system type
configure:4875: result: x86_64-unknown-linux-gnu
configure:4916: checking how to print strings
configure:4943: result: printf
configure:4964: checking for a sed that does not truncate output
configure:5028: result: /bin/sed
configure:5046: checking for grep that handles long lines and -e
configure:5104: result: /bin/grep
configure:5109: checking for egrep
configure:5171: result: /bin/grep -E
configure:5176: checking for fgrep
configure:5238: result: /bin/grep -F
configure:5273: checking for ld used by gcc
configure:5340: result: /usr/bin/ld
configure:5347: checking if the linker (/usr/bin/ld) is GNU ld
configure:5362: result: yes
configure:5374: checking for BSD- or MS-compatible name lister (nm)
configure:5423: result: /usr/bin/nm -B
configure:5553: checking the name lister (/usr/bin/nm -B) interface
configure:5560: g++ -c -g -O2  conftest.cpp >&5
configure:5563: /usr/bin/nm -B "conftest.o"
configure:5566: output
0000000000000000 B some_variable
configure:5573: result: BSD nm
configure:5577: checking the maximum length of command line arguments
configure:5708: result: 3458764513820540925
configure:5725: checking whether the shell understands some XSI constructs
configure:5735: result: yes
configure:5739: checking whether the shell understands "+="
configure:5745: result: yes
configure:5780: checking how to convert x86_64-unknown-linux-gnu file names to x86_64-unknown-linux-gnu format
configure:5820: result: func_convert_file_noop
configure:5827: checking how to convert x86_64-unknown-linux-gnu file names to toolchain format
configure:5847: result: func_convert_file_noop
configure:5854: checking for /usr/bin/ld option to reload object files
configure:5861: result: -r
configure:5935: checking for objdump
configure:5951: found /usr/bin/objdump
configure:5962: result: objdump
configure:5994: checking how to recognize dependent libraries
configure:6192: result: pass_all
configure:6277: checking for dlltool
configure:6307: result: no
configure:6337: checking how to associate runtime and link libraries
configure:6364: result: printf %s\n
configure:6425: checking for ar
configure:6441: found /usr/bin/ar
configure:6452: result: ar
configure:6489: checking for archiver @FILE support
configure:6506: g++ -c -g -O2  conftest.cpp >&5
configure:6506: $? = 0
configure:6509: ar cru libconftest.a @conftest.lst >&5
configure:6512: $? = 0
configure:6517: ar cru libconftest.a @conftest.lst >&5
ar: conftest.o: No such file or directory
configure:6520: $? = 1
configure:6532: result: @
configure:6590: checking for strip
configure:6606: found /usr/bin/strip
configure:6617: result: strip
configure:6689: checking for ranlib
configure:6705: found /usr/bin/ranlib
configure:6716: result: ranlib
configure:6818: checking command to parse /usr/bin/nm -B output from gcc object
configure:6938: g++ -c -g -O2  conftest.cpp >&5
configure:6941: $? = 0
configure:6945: /usr/bin/nm -B conftest.o \| sed -n -e 's/^.*[ ]\([ABCDGIRSTW][ABCDGIRSTW]*\)[ ][ ]*\([_A-Za-z][_A-Za-z0-9]*\)$/\1 \2 \2/p' | sed '/ __gnu_lto/d' \> conftest.nm
configure:6948: $? = 0
configure:7014: g++ -o conftest -g -O2   conftest.cpp conftstm.o >&5
configure:7017: $? = 0
configure:7055: result: ok
configure:7092: checking for sysroot
configure:7122: result: no
configure:7200: g++ -c -g -O2  conftest.cpp >&5
configure:7203: $? = 0
configure:7392: checking for mt
configure:7408: found /bin/mt
configure:7419: result: mt
configure:7442: checking if mt is a manifest tool
configure:7448: mt '-?'
configure:7456: result: no
configure:8094: checking for ANSI C header files
configure:8114: g++ -c -g -O2  conftest.cpp >&5
configure:8114: $? = 0
./configure: line 8128: conftest.cpp: command not found
configure:8198: result: no
configure:8211: checking for sys/types.h
configure:8211: g++ -c -g -O2  conftest.cpp >&5
configure:8211: $? = 0
configure:8211: result: yes
configure:8211: checking for sys/stat.h
configure:8211: g++ -c -g -O2  conftest.cpp >&5
configure:8211: $? = 0
configure:8211: result: yes
configure:8211: checking for stdlib.h
configure:8211: g++ -c -g -O2  conftest.cpp >&5
configure:8211: $? = 0
configure:8211: result: yes
configure:8211: checking for string.h
configure:8211: g++ -c -g -O2  conftest.cpp >&5
configure:8211: $? = 0
configure:8211: result: yes
configure:8211: checking for memory.h
configure:8211: g++ -c -g -O2  conftest.cpp >&5
configure:8211: $? = 0
configure:8211: result: yes
configure:8211: checking for strings.h
configure:8211: g++ -c -g -O2  conftest.cpp >&5
configure:8211: $? = 0
configure:8211: result: yes
configure:8211: checking for inttypes.h
configure:8211: g++ -c -g -O2  conftest.cpp >&5
configure:8211: $? = 0
configure:8211: result: yes
configure:8211: checking for stdint.h
configure:8211: g++ -c -g -O2  conftest.cpp >&5
configure:8211: $? = 0
configure:8211: result: yes
configure:8211: checking for unistd.h
configure:8211: g++ -c -g -O2  conftest.cpp >&5
configure:8211: $? = 0
configure:8211: result: yes
configure:8225: checking for dlfcn.h
configure:8225: g++ -c -g -O2  conftest.cpp >&5
configure:8225: $? = 0
configure:8225: result: yes
configure:8441: checking for objdir
configure:8456: result: .libs
configure:8727: checking if gcc supports -fno-rtti -fno-exceptions
configure:8745: gcc -c -g -O2  -fno-rtti -fno-exceptions conftest.c >&5
cc1: warning: command line option '-fno-rtti' is valid for C++/ObjC++ but not for C [enabled by default]
configure:8749: $? = 0
configure:8762: result: no
configure:9089: checking for gcc option to produce PIC
configure:9096: result: -fPIC -DPIC
configure:9104: checking if gcc PIC flag -fPIC -DPIC works
configure:9122: gcc -c -g -O2  -fPIC -DPIC -DPIC conftest.c >&5
configure:9126: $? = 0
configure:9139: result: yes
configure:9168: checking if gcc static flag -static works
configure:9196: result: yes
configure:9211: checking if gcc supports -c -o file.o
configure:9232: gcc -c -g -O2  -o out/conftest2.o conftest.c >&5
configure:9236: $? = 0
configure:9258: result: yes
configure:9266: checking if gcc supports -c -o file.o
configure:9313: result: yes
configure:9346: checking whether the gcc linker (/usr/bin/ld -m elf_x86_64) supports shared libraries
configure:10503: result: yes
configure:10540: checking whether -lc should be explicitly linked in
configure:10548: gcc -c -g -O2  conftest.c >&5
configure:10551: $? = 0
configure:10566: gcc -shared  -fPIC -DPIC conftest.o  -v -Wl,-soname -Wl,conftest -o conftest 2\>\&1 \| /bin/grep  -lc  \>/dev/null 2\>\&1
configure:10569: $? = 0
configure:10583: result: no
configure:10743: checking dynamic linker characteristics
configure:11243: gcc -o conftest -g -O2   -Wl,-rpath -Wl,/foo conftest.c  >&5
configure:11243: $? = 0
configure:11477: result: GNU/Linux ld.so
configure:11584: checking how to hardcode library paths into programs
configure:11609: result: immediate
configure:12149: checking whether stripping libraries is possible
configure:12154: result: yes
configure:12189: checking if libtool supports shared libraries
configure:12191: result: yes
configure:12194: checking whether to build shared libraries
configure:12215: result: yes
configure:12218: checking whether to build static libraries
configure:12222: result: yes
configure:12245: checking how to run the C++ preprocessor
configure:12272: g++ -E  conftest.cpp
configure:12272: $? = 0
configure:12286: g++ -E  conftest.cpp
conftest.cpp:22:28: fatal error: ac_nonexistent.h: No such file or directory
 #include <ac_nonexistent.h>
                            ^
compilation terminated.
configure:12286: $? = 1
configure: failed program was:
| /* confdefs.h */
| #define PACKAGE_NAME "angora"
| #define PACKAGE_TARNAME "angora"
| #define PACKAGE_VERSION "0.20.0"
| #define PACKAGE_STRING "angora 0.20.0"
| #define PACKAGE_BUGREPORT "bugs@angorafdtd.org"
| #define PACKAGE_URL ""
| #define PACKAGE "angora"
| #define VERSION "0.20.0"
| #define HAVE_SYS_TYPES_H 1
| #define HAVE_SYS_STAT_H 1
| #define HAVE_STDLIB_H 1
| #define HAVE_STRING_H 1
| #define HAVE_MEMORY_H 1
| #define HAVE_STRINGS_H 1
| #define HAVE_INTTYPES_H 1
| #define HAVE_STDINT_H 1
| #define HAVE_UNISTD_H 1
| #define HAVE_DLFCN_H 1
| #define LT_OBJDIR ".libs/"
| /* end confdefs.h.  */
| #include <ac_nonexistent.h>
configure:12311: result: g++ -E
configure:12331: g++ -E  conftest.cpp
configure:12331: $? = 0
configure:12345: g++ -E  conftest.cpp
conftest.cpp:22:28: fatal error: ac_nonexistent.h: No such file or directory
 #include <ac_nonexistent.h>
                            ^
compilation terminated.
configure:12345: $? = 1
configure: failed program was:
| /* confdefs.h */
| #define PACKAGE_NAME "angora"
| #define PACKAGE_TARNAME "angora"
| #define PACKAGE_VERSION "0.20.0"
| #define PACKAGE_STRING "angora 0.20.0"
| #define PACKAGE_BUGREPORT "bugs@angorafdtd.org"
| #define PACKAGE_URL ""
| #define PACKAGE "angora"
| #define VERSION "0.20.0"
| #define HAVE_SYS_TYPES_H 1
| #define HAVE_SYS_STAT_H 1
| #define HAVE_STDLIB_H 1
| #define HAVE_STRING_H 1
| #define HAVE_MEMORY_H 1
| #define HAVE_STRINGS_H 1
| #define HAVE_INTTYPES_H 1
| #define HAVE_STDINT_H 1
| #define HAVE_UNISTD_H 1
| #define HAVE_DLFCN_H 1
| #define LT_OBJDIR ".libs/"
| /* end confdefs.h.  */
| #include <ac_nonexistent.h>
configure:12514: checking for ld used by g++
configure:12581: result: /usr/bin/ld -m elf_x86_64
configure:12588: checking if the linker (/usr/bin/ld -m elf_x86_64) is GNU ld
configure:12603: result: yes
configure:12658: checking whether the g++ linker (/usr/bin/ld -m elf_x86_64) supports shared libraries
configure:13660: result: yes
configure:13696: g++ -c -g -O2  conftest.cpp >&5
configure:13699: $? = 0
configure:14219: checking for g++ option to produce PIC
configure:14226: result: -fPIC -DPIC
configure:14234: checking if g++ PIC flag -fPIC -DPIC works
configure:14252: g++ -c -g -O2  -fPIC -DPIC -DPIC conftest.cpp >&5
configure:14256: $? = 0
configure:14269: result: yes
configure:14292: checking if g++ static flag -static works
configure:14320: result: yes
configure:14332: checking if g++ supports -c -o file.o
configure:14353: g++ -c -g -O2  -o out/conftest2.o conftest.cpp >&5
configure:14357: $? = 0
configure:14379: result: yes
configure:14384: checking if g++ supports -c -o file.o
configure:14431: result: yes
configure:14461: checking whether the g++ linker (/usr/bin/ld -m elf_x86_64) supports shared libraries
configure:14500: result: yes
configure:14641: checking dynamic linker characteristics
configure:15309: result: GNU/Linux ld.so
configure:15362: checking how to hardcode library paths into programs
configure:15387: result: immediate
configure:15454: checking for stdlib.h
configure:15454: result: yes
configure:15454: checking sys/timeb.h usability
configure:15454: g++ -c -g -O2  conftest.cpp >&5
configure:15454: $? = 0
configure:15454: result: yes
configure:15454: checking sys/timeb.h presence
configure:15454: g++ -E  conftest.cpp
configure:15454: $? = 0
configure:15454: result: yes
configure:15454: checking for sys/timeb.h
configure:15454: result: yes
configure:15466: checking for stdbool.h that conforms to C99
configure:15533: g++ -c -g -O2  conftest.cpp >&5
configure:15533: $? = 0
configure:15540: result: yes
configure:15542: checking for _Bool
configure:15542: g++ -c -g -O2  conftest.cpp >&5
conftest.cpp: In function 'int main()':
conftest.cpp:60:13: error: '_Bool' was not declared in this scope
 if (sizeof (_Bool))
             ^
configure:15542: $? = 1
configure: failed program was:
| /* confdefs.h */
| #define PACKAGE_NAME "angora"
| #define PACKAGE_TARNAME "angora"
| #define PACKAGE_VERSION "0.20.0"
| #define PACKAGE_STRING "angora 0.20.0"
| #define PACKAGE_BUGREPORT "bugs@angorafdtd.org"
| #define PACKAGE_URL ""
| #define PACKAGE "angora"
| #define VERSION "0.20.0"
| #define HAVE_SYS_TYPES_H 1
| #define HAVE_SYS_STAT_H 1
| #define HAVE_STDLIB_H 1
| #define HAVE_STRING_H 1
| #define HAVE_MEMORY_H 1
| #define HAVE_STRINGS_H 1
| #define HAVE_INTTYPES_H 1
| #define HAVE_STDINT_H 1
| #define HAVE_UNISTD_H 1
| #define HAVE_DLFCN_H 1
| #define LT_OBJDIR ".libs/"
| #define HAVE_STDLIB_H 1
| #define HAVE_SYS_TIMEB_H 1
| /* end confdefs.h.  */
| #include <stdio.h>
| #ifdef HAVE_SYS_TYPES_H
| # include <sys/types.h>
| #endif
| #ifdef HAVE_SYS_STAT_H
| # include <sys/stat.h>
| #endif
| #ifdef STDC_HEADERS
| # include <stdlib.h>
| # include <stddef.h>
| #else
| # ifdef HAVE_STDLIB_H
| #  include <stdlib.h>
| # endif
| #endif
| #ifdef HAVE_STRING_H
| # if !defined STDC_HEADERS && defined HAVE_MEMORY_H
| #  include <memory.h>
| # endif
| # include <string.h>
| #endif
| #ifdef HAVE_STRINGS_H
| # include <strings.h>
| #endif
| #ifdef HAVE_INTTYPES_H
| # include <inttypes.h>
| #endif
| #ifdef HAVE_STDINT_H
| # include <stdint.h>
| #endif
| #ifdef HAVE_UNISTD_H
| # include <unistd.h>
| #endif
| int
| main ()
| {
| if (sizeof (_Bool))
| 	 return 0;
|   ;
|   return 0;
| }
configure:15542: result: no
configure:15559: checking for inline
configure:15575: g++ -c -g -O2  conftest.cpp >&5
configure:15575: $? = 0
configure:15583: result: inline
configure:15601: checking for size_t
configure:15601: g++ -c -g -O2  conftest.cpp >&5
configure:15601: $? = 0
configure:15601: g++ -c -g -O2  conftest.cpp >&5
conftest.cpp: In function 'int main()':
conftest.cpp:61:20: error: expected primary-expression before ')' token
 if (sizeof ((size_t)))
                    ^
configure:15601: $? = 1
configure: failed program was:
| /* confdefs.h */
| #define PACKAGE_NAME "angora"
| #define PACKAGE_TARNAME "angora"
| #define PACKAGE_VERSION "0.20.0"
| #define PACKAGE_STRING "angora 0.20.0"
| #define PACKAGE_BUGREPORT "bugs@angorafdtd.org"
| #define PACKAGE_URL ""
| #define PACKAGE "angora"
| #define VERSION "0.20.0"
| #define HAVE_SYS_TYPES_H 1
| #define HAVE_SYS_STAT_H 1
| #define HAVE_STDLIB_H 1
| #define HAVE_STRING_H 1
| #define HAVE_MEMORY_H 1
| #define HAVE_STRINGS_H 1
| #define HAVE_INTTYPES_H 1
| #define HAVE_STDINT_H 1
| #define HAVE_UNISTD_H 1
| #define HAVE_DLFCN_H 1
| #define LT_OBJDIR ".libs/"
| #define HAVE_STDLIB_H 1
| #define HAVE_SYS_TIMEB_H 1
| #define HAVE_STDBOOL_H 1
| /* end confdefs.h.  */
| #include <stdio.h>
| #ifdef HAVE_SYS_TYPES_H
| # include <sys/types.h>
| #endif
| #ifdef HAVE_SYS_STAT_H
| # include <sys/stat.h>
| #endif
| #ifdef STDC_HEADERS
| # include <stdlib.h>
| # include <stddef.h>
| #else
| # ifdef HAVE_STDLIB_H
| #  include <stdlib.h>
| # endif
| #endif
| #ifdef HAVE_STRING_H
| # if !defined STDC_HEADERS && defined HAVE_MEMORY_H
| #  include <memory.h>
| # endif
| # include <string.h>
| #endif
| #ifdef HAVE_STRINGS_H
| # include <strings.h>
| #endif
| #ifdef HAVE_INTTYPES_H
| # include <inttypes.h>
| #endif
| #ifdef HAVE_STDINT_H
| # include <stdint.h>
| #endif
| #ifdef HAVE_UNISTD_H
| # include <unistd.h>
| #endif
| int
| main ()
| {
| if (sizeof ((size_t)))
| 	    return 0;
|   ;
|   return 0;
| }
configure:15601: result: yes
configure:15616: checking for stdlib.h
configure:15616: result: yes
configure:15626: checking for GNU libc compatible malloc
configure:15650: g++ -o conftest -g -O2   conftest.cpp  >&5
configure:15650: $? = 0
configure:15650: ./conftest
configure:15650: $? = 0
configure:15660: result: yes
configure:15684: checking for floor
configure:15684: g++ -o conftest -g -O2   conftest.cpp  >&5
configure:15684: $? = 0
configure:15684: result: yes
configure:15684: checking for mkdir
configure:15684: g++ -o conftest -g -O2   conftest.cpp  >&5
configure:15684: $? = 0
configure:15684: result: yes
configure:15684: checking for pow
configure:15684: g++ -o conftest -g -O2   conftest.cpp  >&5
configure:15684: $? = 0
configure:15684: result: yes
configure:15684: checking for sqrt
configure:15684: g++ -o conftest -g -O2   conftest.cpp  >&5
configure:15684: $? = 0
configure:15684: result: yes
configure:15947: checking that generated files are newer than configure
configure:15953: result: done
configure:15984: creating ./config.status

## ---------------- ##
## Cache variables. ##
## ---------------- ##

ac_cv_build=x86_64-unknown-linux-gnu
ac_cv_c_compiler_gnu=yes
ac_cv_c_inline=inline
ac_cv_cxx_compiler_gnu=yes
ac_cv_env_CCC_set=
ac_cv_env_CCC_value=
ac_cv_env_CC_set=
ac_cv_env_CC_value=
ac_cv_env_CFLAGS_set=
ac_cv_env_CFLAGS_value=
ac_cv_env_CPPFLAGS_set=
ac_cv_env_CPPFLAGS_value=
ac_cv_env_CPP_set=
ac_cv_env_CPP_value=
ac_cv_env_CXXCPP_set=
ac_cv_env_CXXCPP_value=
ac_cv_env_CXXFLAGS_set=
ac_cv_env_CXXFLAGS_value=
ac_cv_env_CXX_set=
ac_cv_env_CXX_value=
ac_cv_env_LDFLAGS_set=
ac_cv_env_LDFLAGS_value=
ac_cv_env_LIBS_set=
ac_cv_env_LIBS_value=
ac_cv_env_build_alias_set=
ac_cv_env_build_alias_value=
ac_cv_env_host_alias_set=
ac_cv_env_host_alias_value=
ac_cv_env_target_alias_set=
ac_cv_env_target_alias_value=
ac_cv_func_floor=yes
ac_cv_func_malloc_0_nonnull=yes
ac_cv_func_mkdir=yes
ac_cv_func_pow=yes
ac_cv_func_sqrt=yes
ac_cv_header_dlfcn_h=yes
ac_cv_header_inttypes_h=yes
ac_cv_header_memory_h=yes
ac_cv_header_stdbool_h=yes
ac_cv_header_stdc=no
ac_cv_header_stdint_h=yes
ac_cv_header_stdlib_h=yes
ac_cv_header_string_h=yes
ac_cv_header_strings_h=yes
ac_cv_header_sys_stat_h=yes
ac_cv_header_sys_timeb_h=yes
ac_cv_header_sys_types_h=yes
ac_cv_header_unistd_h=yes
ac_cv_host=x86_64-unknown-linux-gnu
ac_cv_objext=o
ac_cv_path_EGREP='/bin/grep -E'
ac_cv_path_FGREP='/bin/grep -F'
ac_cv_path_GREP=/bin/grep
ac_cv_path_SED=/bin/sed
ac_cv_path_install='/usr/bin/install -c'
ac_cv_path_mkdir=/bin/mkdir
ac_cv_prog_AWK=mawk
ac_cv_prog_CPP='gcc -E'
ac_cv_prog_CXXCPP='g++ -E'
ac_cv_prog_ac_ct_AR=ar
ac_cv_prog_ac_ct_CC=gcc
ac_cv_prog_ac_ct_CXX=g++
ac_cv_prog_ac_ct_MANIFEST_TOOL=mt
ac_cv_prog_ac_ct_OBJDUMP=objdump
ac_cv_prog_ac_ct_RANLIB=ranlib
ac_cv_prog_ac_ct_STRIP=strip
ac_cv_prog_cc_c89=
ac_cv_prog_cc_g=yes
ac_cv_prog_cxx_g=yes
ac_cv_prog_make_make_set=yes
ac_cv_type__Bool=no
ac_cv_type_size_t=yes
am_cv_CC_dependencies_compiler_type=gcc3
am_cv_CXX_dependencies_compiler_type=gcc3
am_cv_make_support_nested_variables=yes
am_cv_prog_cc_c_o=yes
lt_cv_ar_at_file=@
lt_cv_archive_cmds_need_lc=no
lt_cv_deplibs_check_method=pass_all
lt_cv_file_magic_cmd='$MAGIC_CMD'
lt_cv_file_magic_test_file=
lt_cv_ld_reload_flag=-r
lt_cv_nm_interface='BSD nm'
lt_cv_objdir=.libs
lt_cv_path_LD=/usr/bin/ld
lt_cv_path_LDCXX='/usr/bin/ld -m elf_x86_64'
lt_cv_path_NM='/usr/bin/nm -B'
lt_cv_path_mainfest_tool=no
lt_cv_prog_compiler_c_o=yes
lt_cv_prog_compiler_c_o_CXX=yes
lt_cv_prog_compiler_pic='-fPIC -DPIC'
lt_cv_prog_compiler_pic_CXX='-fPIC -DPIC'
lt_cv_prog_compiler_pic_works=yes
lt_cv_prog_compiler_pic_works_CXX=yes
lt_cv_prog_compiler_rtti_exceptions=no
lt_cv_prog_compiler_static_works=yes
lt_cv_prog_compiler_static_works_CXX=yes
lt_cv_prog_gnu_ld=yes
lt_cv_prog_gnu_ldcxx=yes
lt_cv_sharedlib_from_linklib_cmd='printf %s\n'
lt_cv_shlibpath_overrides_runpath=no
lt_cv_sys_global_symbol_pipe='sed -n -e '\''s/^.*[	 ]\([ABCDGIRSTW][ABCDGIRSTW]*\)[	 ][	 ]*\([_A-Za-z][_A-Za-z0-9]*\)$/\1 \2 \2/p'\'' | sed '\''/ __gnu_lto/d'\'''
lt_cv_sys_global_symbol_to_c_name_address='sed -n -e '\''s/^: \([^ ]*\)[ ]*$/  {\"\1\", (void *) 0},/p'\'' -e '\''s/^[ABCDGIRSTW]* \([^ ]*\) \([^ ]*\)$/  {"\2", (void *) \&\2},/p'\'''
lt_cv_sys_global_symbol_to_c_name_address_lib_prefix='sed -n -e '\''s/^: \([^ ]*\)[ ]*$/  {\"\1\", (void *) 0},/p'\'' -e '\''s/^[ABCDGIRSTW]* \([^ ]*\) \(lib[^ ]*\)$/  {"\2", (void *) \&\2},/p'\'' -e '\''s/^[ABCDGIRSTW]* \([^ ]*\) \([^ ]*\)$/  {"lib\2", (void *) \&\2},/p'\'''
lt_cv_sys_global_symbol_to_cdecl='sed -n -e '\''s/^T .* \(.*\)$/extern int \1();/p'\'' -e '\''s/^[ABCDGIRSTW]* .* \(.*\)$/extern char \1;/p'\'''
lt_cv_sys_max_cmd_len=3458764513820540925
lt_cv_to_host_file_cmd=func_convert_file_noop
lt_cv_to_tool_file_cmd=func_convert_file_noop

## ----------------- ##
## Output variables. ##
## ----------------- ##

ACLOCAL='${SHELL} /home/di/devl/angora-svn-r8/svn/missing aclocal-1.14'
AMDEPBACKSLASH='\'
AMDEP_FALSE='#'
AMDEP_TRUE=''
AMTAR='$${TAR-tar}'
AM_BACKSLASH='\'
AM_DEFAULT_V='$(AM_DEFAULT_VERBOSITY)'
AM_DEFAULT_VERBOSITY='1'
AM_V='$(V)'
AR='ar'
AUTOCONF='${SHELL} /home/di/devl/angora-svn-r8/svn/missing autoconf'
AUTOHEADER='${SHELL} /home/di/devl/angora-svn-r8/svn/missing autoheader'
AUTOMAKE='${SHELL} /home/di/devl/angora-svn-r8/svn/missing automake-1.14'
AWK='mawk'
CC='gcc'
CCDEPMODE='depmode=gcc3'
CFLAGS='-g -O2'
CPP='gcc -E'
CPPFLAGS=''
CXX='h5c++'
CXXCPP='g++ -E'
CXXDEPMODE='depmode=gcc3'
CXXFLAGS='-g -O2'
CYGPATH_W='echo'
DEFS='-DHAVE_CONFIG_H'
DEPDIR='.deps'
DLLTOOL='false'
DOC_INSTALL_FALSE=''
DOC_INSTALL_TRUE='#'
DSYMUTIL=''
DUMPBIN=''
ECHO_C=''
ECHO_N='-n'
ECHO_T=''
EGREP='/bin/grep -E'
EXEEXT=''
FGREP='/bin/grep -F'
GREP='/bin/grep'
HDF5_CLINKER='g++'
HDF5_CXX='g++'
INSTALL_DATA='${INSTALL} -m 644'
INSTALL_PROGRAM='${INSTALL}'
INSTALL_SCRIPT='${INSTALL}'
INSTALL_STRIP_PROGRAM='$(install_sh) -c -s'
LD='/usr/bin/ld -m elf_x86_64'
LDFLAGS=''
LIBOBJS=''
LIBS=''
LIBTOOL='$(SHELL) $(top_builddir)/libtool'
LIPO=''
LN_S='ln -s'
LTLIBOBJS=''
MAKEINFO='${SHELL} /home/di/devl/angora-svn-r8/svn/missing makeinfo'
MANIFEST_TOOL=':'
MKDIR_P='/bin/mkdir -p'
NM='/usr/bin/nm -B'
NMEDIT=''
OBJDUMP='objdump'
OBJEXT='o'
OTOOL64=''
OTOOL=''
PACKAGE='angora'
PACKAGE_BUGREPORT='bugs@angorafdtd.org'
PACKAGE_NAME='angora'
PACKAGE_STRING='angora 0.20.0'
PACKAGE_TARNAME='angora'
PACKAGE_URL=''
PACKAGE_VERSION='0.20.0'
PATH_SEPARATOR=':'
RANLIB='ranlib'
SED='/bin/sed'
SET_MAKE=''
SHELL='/bin/bash'
STRIP='strip'
VERSION='0.20.0'
ac_ct_AR='ar'
ac_ct_CC='gcc'
ac_ct_CXX='g++'
ac_ct_DUMPBIN=''
am__EXEEXT_FALSE=''
am__EXEEXT_TRUE='#'
am__fastdepCC_FALSE='#'
am__fastdepCC_TRUE=''
am__fastdepCXX_FALSE='#'
am__fastdepCXX_TRUE=''
am__include='include'
am__isrc=''
am__leading_dot='.'
am__nodep='_no'
am__quote=''
am__tar='$${TAR-tar} chof - "$$tardir"'
am__untar='$${TAR-tar} xf -'
bindir='${exec_prefix}/bin'
blitzdir=''
boostdir=''
build='x86_64-unknown-linux-gnu'
build_alias=''
build_cpu='x86_64'
build_os='linux-gnu'
build_vendor='unknown'
datadir='${datarootdir}'
datarootdir='${prefix}/share'
docdir='${datarootdir}/doc/${PACKAGE_TARNAME}'
dvidir='${docdir}'
exec_prefix='${prefix}'
host='x86_64-unknown-linux-gnu'
host_alias=''
host_cpu='x86_64'
host_os='linux-gnu'
host_vendor='unknown'
htmldir='${docdir}'
includedir='${prefix}/include'
infodir='${datarootdir}/info'
install_sh='${SHELL} /home/di/devl/angora-svn-r8/svn/install-sh'
libconfigdir=''
libdir='${exec_prefix}/lib'
libexecdir='${exec_prefix}/libexec'
localedir='${datarootdir}/locale'
localstatedir='${prefix}/var'
mandir='${datarootdir}/man'
mkdir_p='$(MKDIR_P)'
oldincludedir='/usr/include'
pdfdir='${docdir}'
prefix='/usr/local'
program_transform_name='s,x,x,'
psdir='${docdir}'
sbindir='${exec_prefix}/sbin'
sharedstatedir='${prefix}/com'
sysconfdir='${prefix}/etc'
target_alias=''

## ----------- ##
## confdefs.h. ##
## ----------- ##

/* confdefs.h */
#define PACKAGE_NAME "angora"
#define PACKAGE_TARNAME "angora"
#define PACKAGE_VERSION "0.20.0"
#define PACKAGE_STRING "angora 0.20.0"
#define PACKAGE_BUGREPORT "bugs@angorafdtd.org"
#define PACKAGE_URL ""
#define PACKAGE "angora"
#define VERSION "0.20.0"
#define HAVE_SYS_TYPES_H 1
#define HAVE_SYS_STAT_H 1
#define HAVE_STDLIB_H 1
#define HAVE_STRING_H 1
#define HAVE_MEMORY_H 1
#define HAVE_STRINGS_H 1
#define HAVE_INTTYPES_H 1
#define HAVE_STDINT_H 1
#define HAVE_UNISTD_H 1
#define HAVE_DLFCN_H 1
#define LT_OBJDIR ".libs/"
#define HAVE_STDLIB_H 1
#define HAVE_SYS_TIMEB_H 1
#define HAVE_STDBOOL_H 1
#define HAVE_STDLIB_H 1
#define HAVE_MALLOC 1
#define HAVE_FLOOR 1
#define HAVE_MKDIR 1
#define HAVE_POW 1
#define HAVE_SQRT 1
#define MPI_DISABLE /**/
#define angora_cfgdir "./cfg"

configure: exit 0

## ---------------------- ##
## Running config.status. ##
## ---------------------- ##

This file was extended by angora config.status 0.20.0, which was
generated by GNU Autoconf 2.69.  Invocation command line was

  CONFIG_FILES    = 
  CONFIG_HEADERS  = 
  CONFIG_LINKS    = 
  CONFIG_COMMANDS = 
  $ ./config.status 

on di-Precision-T3610

config.status:1184: creating Makefile
config.status:1184: creating doc/Makefile
config.status:1184: creating src/Makefile
config.status:1184: creating src/main/Makefile
config.status:1184: creating src/update/Makefile
config.status:1184: creating src/config/Makefile
config.status:1184: creating src/shape/Makefile
config.status:1184: creating src/material/Makefile
config.status:1184: creating src/absorb/Makefile
config.status:1184: creating src/fft/Makefile
config.status:1184: creating src/fft/kiss_D_fft/Makefile
config.status:1184: creating src/fft/kiss_F_fft/Makefile
config.status:1184: creating src/specfun/hermite/Makefile
config.status:1184: creating src/specfun/gamma/Makefile
config.status:1184: creating src/pointsources/Makefile
config.status:1184: creating src/waveforms/Makefile
config.status:1184: creating src/recorder/Makefile
config.status:1184: creating src/estimator/Makefile
config.status:1184: creating src/imaging/Makefile
config.status:1184: creating src/nffft/Makefile
config.status:1184: creating src/nffft/td/Makefile
config.status:1184: creating src/nffft/pd/Makefile
config.status:1184: creating src/tfsf/Makefile
config.status:1184: creating src/tfsf/glquad/Makefile
config.status:1184: creating src/tfsf/evan/Makefile
config.status:1184: creating config.h
config.status:1365: config.h is unchanged
config.status:1413: executing depfiles commands
config.status:1413: executing libtool commands

## ---------------------- ##
## Running config.status. ##
## ---------------------- ##

This file was extended by angora config.status 0.20.0, which was
generated by GNU Autoconf 2.69.  Invocation command line was

  CONFIG_FILES    = 
  CONFIG_HEADERS  = 
  CONFIG_LINKS    = 
  CONFIG_COMMANDS = 
  $ ./config.status config.h

on di-Precision-T3610

config.status:1184: creating config.h
config.status:1365: config.h is unchanged
